[     577ms] TypeError: cyclic object value
    at P/< (http://localhost:5173/node_modules/.vite/deps/@react-three_postprocessing.js?v=5862af73:3605:158)
    at react_stack_bottom_frame (http://localhost:5173/node_modules/.vite/deps/chunk-P34KEAFJ.js?v=1654b927:7942:20)
    at It (http://localhost:5173/node_modules/.vite/deps/chunk-P34KEAFJ.js?v=1654b927:3909:20)
    at ks (http://localhost:5173/node_modules/.vite/deps/chunk-P34KEAFJ.js?v=1654b927:4956:376)
    at tt (http://localhost:5173/node_modules/.vite/deps/chunk-P34KEAFJ.js?v=1654b927:5283:20)
    at B (http://localhost:5173/node_modules/.vite/deps/chunk-P34KEAFJ.js?v=1654b927:2740:102)
    at Ph (http://localhost:5173/node_modules/.vite/deps/chunk-P34KEAFJ.js?v=1654b927:7156:44)
    at wh (http://localhost:5173/node_modules/.vite/deps/chunk-P34KEAFJ.js?v=1654b927:7072:33)
    at Ff (http://localhost:5173/node_modules/.vite/deps/chunk-P34KEAFJ.js?v=1654b927:7063:13)
    at Lf (http://localhost:5173/node_modules/.vite/deps/chunk-P34KEAFJ.js?v=1654b927:6845:61)
    at Ap (http://localhost:5173/node_modules/.vite/deps/chunk-P34KEAFJ.js?v=1654b927:3137:30)
    at Wa (http://localhost:5173/node_modules/.vite/deps/chunk-P34KEAFJ.js?v=1654b927:3081:168)
    at Eh (http://localhost:5173/node_modules/.vite/deps/chunk-P34KEAFJ.js?v=1654b927:7395:291)
    at e0/Tt.exports/Hf/< (http://localhost:5173/node_modules/.vite/deps/chunk-P34KEAFJ.js?v=1654b927:7243:50)
    at performWorkUntilDeadline (http://localhost:5173/node_modules/.vite/deps/chunk-QX3TEZ2D.js?v=1654b927:30:58)
    at EventHandlerNonNull*node_modules/.pnpm/scheduler (0.27.0/node_modules/scheduler/cjs/scheduler.development.js/<@http://localhost:5173/node_modules/.vite/deps/chunk-QX3TEZ2D.js?v=1654b927:150:9)
    at node_modules/.pnpm/scheduler (0.27.0/node_modules/scheduler/cjs/scheduler.development.js@http://localhost:5173/node_modules/.vite/deps/chunk-QX3TEZ2D.js?v=1654b927:260:7)
    at __require (http://localhost:5173/node_modules/.vite/deps/chunk-WOOG5QLI.js?v=1654b927:12:50)
    at node_modules/.pnpm/scheduler (0.27.0/node_modules/scheduler/index.js@http://localhost:5173/node_modules/.vite/deps/chunk-QX3TEZ2D.js?v=1654b927:271:24)
    at __require (http://localhost:5173/node_modules/.vite/deps/chunk-WOOG5QLI.js?v=1654b927:12:50)
    at node_modules/.pnpm/react-dom (19.2.4_react@19.2.4/node_modules/react-dom/cjs/react-dom-client.development.js/<@http://localhost:5173/node_modules/.vite/deps/chunk-CLHBQBW2.js?v=1654b927:16991:23)
    at node_modules/.pnpm/react-dom (19.2.4_react@19.2.4/node_modules/react-dom/cjs/react-dom-client.development.js@http://localhost:5173/node_modules/.vite/deps/chunk-CLHBQBW2.js?v=1654b927:19909:7)
    at __require (http://localhost:5173/node_modules/.vite/deps/chunk-WOOG5QLI.js?v=1654b927:12:50)
    at node_modules/.pnpm/react-dom (19.2.4_react@19.2.4/node_modules/react-dom/client.js@http://localhost:5173/node_modules/.vite/deps/chunk-CLHBQBW2.js?v=1654b927:19920:24)
    at __require (http://localhost:5173/node_modules/.vite/deps/chunk-WOOG5QLI.js?v=1654b927:12:50)
    at  (http://localhost:5173/node_modules/.vite/deps/react-dom_client.js?v=425f01cb:8:16)
[     580ms] [WARNING] An error occurred in the <CanvasImpl> component.

Consider adding an error boundary to your tree to customize error handling behavior.
Visit https://react.dev/link/error-boundaries to learn more about error boundaries.
 @ http://localhost:5173/node_modules/.vite/deps/chunk-CLHBQBW2.js?v=1654b927:6697
[     580ms] TypeError: cyclic object value
    at P/< (http://localhost:5173/node_modules/.vite/deps/@react-three_postprocessing.js?v=5862af73:3605:158)
    at react_stack_bottom_frame (http://localhost:5173/node_modules/.vite/deps/chunk-P34KEAFJ.js?v=1654b927:7942:20)
    at It (http://localhost:5173/node_modules/.vite/deps/chunk-P34KEAFJ.js?v=1654b927:3909:20)
    at ks (http://localhost:5173/node_modules/.vite/deps/chunk-P34KEAFJ.js?v=1654b927:4956:376)
    at tt (http://localhost:5173/node_modules/.vite/deps/chunk-P34KEAFJ.js?v=1654b927:5283:20)
    at B (http://localhost:5173/node_modules/.vite/deps/chunk-P34KEAFJ.js?v=1654b927:2740:102)
    at Ph (http://localhost:5173/node_modules/.vite/deps/chunk-P34KEAFJ.js?v=1654b927:7156:44)
    at wh (http://localhost:5173/node_modules/.vite/deps/chunk-P34KEAFJ.js?v=1654b927:7072:33)
    at Ff (http://localhost:5173/node_modules/.vite/deps/chunk-P34KEAFJ.js?v=1654b927:7063:13)
    at Lf (http://localhost:5173/node_modules/.vite/deps/chunk-P34KEAFJ.js?v=1654b927:6845:61)
    at Ap (http://localhost:5173/node_modules/.vite/deps/chunk-P34KEAFJ.js?v=1654b927:3137:30)
    at Wa (http://localhost:5173/node_modules/.vite/deps/chunk-P34KEAFJ.js?v=1654b927:3081:168)
    at Eh (http://localhost:5173/node_modules/.vite/deps/chunk-P34KEAFJ.js?v=1654b927:7395:291)
    at e0/Tt.exports/Hf/< (http://localhost:5173/node_modules/.vite/deps/chunk-P34KEAFJ.js?v=1654b927:7243:50)
    at performWorkUntilDeadline (http://localhost:5173/node_modules/.vite/deps/chunk-QX3TEZ2D.js?v=1654b927:30:58)
    at EventHandlerNonNull*node_modules/.pnpm/scheduler (0.27.0/node_modules/scheduler/cjs/scheduler.development.js/<@http://localhost:5173/node_modules/.vite/deps/chunk-QX3TEZ2D.js?v=1654b927:150:9)
    at node_modules/.pnpm/scheduler (0.27.0/node_modules/scheduler/cjs/scheduler.development.js@http://localhost:5173/node_modules/.vite/deps/chunk-QX3TEZ2D.js?v=1654b927:260:7)
    at __require (http://localhost:5173/node_modules/.vite/deps/chunk-WOOG5QLI.js?v=1654b927:12:50)
    at node_modules/.pnpm/scheduler (0.27.0/node_modules/scheduler/index.js@http://localhost:5173/node_modules/.vite/deps/chunk-QX3TEZ2D.js?v=1654b927:271:24)
    at __require (http://localhost:5173/node_modules/.vite/deps/chunk-WOOG5QLI.js?v=1654b927:12:50)
    at node_modules/.pnpm/react-dom (19.2.4_react@19.2.4/node_modules/react-dom/cjs/react-dom-client.development.js/<@http://localhost:5173/node_modules/.vite/deps/chunk-CLHBQBW2.js?v=1654b927:16991:23)
    at node_modules/.pnpm/react-dom (19.2.4_react@19.2.4/node_modules/react-dom/cjs/react-dom-client.development.js@http://localhost:5173/node_modules/.vite/deps/chunk-CLHBQBW2.js?v=1654b927:19909:7)
    at __require (http://localhost:5173/node_modules/.vite/deps/chunk-WOOG5QLI.js?v=1654b927:12:50)
    at node_modules/.pnpm/react-dom (19.2.4_react@19.2.4/node_modules/react-dom/client.js@http://localhost:5173/node_modules/.vite/deps/chunk-CLHBQBW2.js?v=1654b927:19920:24)
    at __require (http://localhost:5173/node_modules/.vite/deps/chunk-WOOG5QLI.js?v=1654b927:12:50)
    at  (http://localhost:5173/node_modules/.vite/deps/react-dom_client.js?v=425f01cb:8:16)
[    1082ms] [WARNING] [JavaScript Warning: "WebGL context was lost." {file: "http://localhost:5173/node_modules/.vite/deps/chunk-DAM3ENQF.js?v=1654b927" line: 17336}] @ http://localhost:5173/node_modules/.vite/deps/chunk-DAM3ENQF.js?v=1654b927:17336
